0 info it worked if it ends with ok
1 verbose cli [ 'node', '/usr/local/bin/npm', 'version', 'minor' ]
2 info using npm@2.10.0
3 info using node@v0.12.0
4 verbose node symlink /usr/local/bin/node
5 info git [ 'status', '--porcelain' ]
6 verbose stack Error: Git working directory not clean.
6 verbose stack M dist/asciimoji.js
6 verbose stack M dist/asciimoji.min.js
6 verbose stack M dist/chrome-extension/js/asciimoji.js
6 verbose stack M dist/homepage/index.html
6 verbose stack M dist/homepage/index.min.js
6 verbose stack M src/asciimoji.js
6 verbose stack M src/homepage/index.html
6 verbose stack     at /usr/local/lib/node_modules/npm/lib/version.js:138:37
6 verbose stack     at ChildProcess.exithandler (child_process.js:735:7)
6 verbose stack     at ChildProcess.emit (events.js:110:17)
6 verbose stack     at maybeClose (child_process.js:1008:16)
6 verbose stack     at Socket.<anonymous> (child_process.js:1176:11)
6 verbose stack     at Socket.emit (events.js:107:17)
6 verbose stack     at Pipe.close (net.js:476:12)
7 verbose cwd /Users/hpcodecraft/Projects/Github/ASCIImoji
8 error Darwin 14.4.0
9 error argv "node" "/usr/local/bin/npm" "version" "minor"
10 error node v0.12.0
11 error npm  v2.10.0
12 error Git working directory not clean.
12 error M dist/asciimoji.js
12 error M dist/asciimoji.min.js
12 error M dist/chrome-extension/js/asciimoji.js
12 error M dist/homepage/index.html
12 error M dist/homepage/index.min.js
12 error M src/asciimoji.js
12 error M src/homepage/index.html
13 error If you need help, you may report this error at:
13 error     <https://github.com/npm/npm/issues>
14 verbose exit [ 1, true ]
